[Message: Preloader] BepInEx 5.0.1.0 - Risk of Rain 2
[Info   : Preloader] Running under Unity v2018.4.16.15133130
[Info   : Preloader] CLR runtime version: 4.0.30319.17020
[Info   : Preloader] Supports SRE: False
[Message: Preloader] Preloader started
[Info   : Preloader] Loaded 1 patcher methods from BepInEx.MonoMod.Loader, Version=1.0.0.0, Culture=neutral, PublicKeyToken=null
[Info   : Preloader] Loaded 1 patcher methods from LighterPatcher, Version=1.0.1.0, Culture=neutral, PublicKeyToken=null
[Info   : Preloader] 3 patcher plugin(s) loaded
[Info   : Preloader] Patching [UnityEngine.CoreModule] with [BepInEx.Chainloader]
[Info   : Preloader] Collecting target assemblies from mods
[Info   : Preloader] Patching [Assembly-CSharp] with [BepInEx.MonoMod.Loader.Patcher]
[Message: Preloader] [Main] Scanning for mods in directory.
[Message: Preloader] [ReadMod] Loading mod dir: G:\SteamLibrary\steamapps\common\Risk of Rain 2\r2modman\BepInEx\monomod
[Message: Preloader] [ReadMod] Loading mod dir: G:\SteamLibrary\steamapps\common\Risk of Rain 2\r2modman\BepInEx\monomod\tristanmcpherson-R2API
[Message: Preloader] [ReadMod] Loading mod: G:\SteamLibrary\steamapps\common\Risk of Rain 2\r2modman\BepInEx\monomod\tristanmcpherson-R2API\Assembly-CSharp.R2API.mm.dll
[Message: Preloader] [Main] Found 1 mods
[Message: Preloader] [Main] mm.PatchRefs(); fixup pre-pass
[Message: Preloader] [Main] mm.AutoPatch();
[Message: Preloader] [AutoPatch] Parsing rules in loaded mods
[Info   : Preloader] [MonoMod] [RulesModder] 
[Info   : Preloader] [Write] Writing modded module into output stream.
[Message: Preloader] [AutoPatch] PrePatch pass
[Message: Preloader] [AutoPatch] Patch pass
[Message: Preloader] [AutoPatch] PatchRefs pass
[Message: Preloader] [PostProcessor] PostProcessor pass #1
[Message: Preloader] [Main] Done.
[Info   : Preloader] Collecting information for new MMHook
[Info   : Preloader] Collecting methods from: LunarCoinShareOnPickup
[Info   : Preloader] Collecting methods from: RoR2_Surgeon
[Info   : Preloader] Collecting methods from: ShareSuite
[Info   : Preloader] Collecting methods from: OrderedItems
[Info   : Preloader] Collecting methods from: DebugToolkit
[Info   : Preloader] Collecting methods from: Diluvian
[Info   : Preloader] Collecting methods from: HarbTweaks
[Info   : Preloader] Collecting methods from: SimpleRoll
[Info   : Preloader] Collecting methods from: BulletFalloffFix
[Info   : Preloader] Collecting methods from: EngiShieldNotification
[Info   : Preloader] Collecting methods from: InfusionStackFix
[Info   : Preloader] Collecting methods from: JarlykMods.Raincoat
[Info   : Preloader] Collecting methods from: AcridDamageMod
[Info   : Preloader] Collecting methods from: RTAutoSprintEx
[Info   : Preloader] Collecting methods from: VoidReaver
[Info   : Preloader] Collecting methods from: BazaarPrinter
[Info   : Preloader] Collecting methods from: BiggerBazaar
[Info   : Preloader] Collecting methods from: ItemExchangeNotifier
[Info   : Preloader] Collecting methods from: ScannerPlusOne
[Info   : Preloader] Collecting methods from: ShrineOfDio
[Info   : Preloader] Collecting methods from: TemporaryLunarCoins
[Info   : Preloader] Collecting methods from: AllyPing
[Info   : Preloader] Collecting methods from: BanditReloaded
[Info   : Preloader] Collecting methods from: ShowDeathCause
[Info   : Preloader] Collecting methods from: StartingItemsGUI
[Info   : Preloader] Collecting methods from: Pingprovements
[Info   : Preloader] Collecting methods from: AlternateArtificer
[Info   : Preloader] Collecting methods from: ReinLunarWickedRing
[Info   : Preloader] Collecting methods from: GiganticAmethyst
[Info   : Preloader] Collecting methods from: PocketPrinter
[Info   : Preloader] Collecting methods from: IncreaseHuntressRange
[Info   : Preloader] Collecting methods from: EmptyChestsBeGone
[Info   : Preloader] Collecting methods from: Faster3DPrinters
[Info   : Preloader] Collecting methods from: ScalingBloodShrines
[Info   : Preloader] Collecting methods from: WaxQuailMultiJump
[Info   : Preloader] Collecting methods from: StealthySpawn
[Info   : Preloader] Vanilla MMHOOK found!
[Info   : Preloader] Collecting methods from: R2API
[Info   : Preloader] Collecting methods from: AIBlacklister
[Info   : Preloader] Collecting methods from: MiniRpcLib
[Info   : Preloader] Collecting methods from: DPSMeter
[Info   : Preloader] Collecting methods from: Rampage
[Message: Preloader] Found 41 mods with a MMHook dependency.
[Info   : Preloader] Number of neededtypes for hooks : 232
[Info   : Preloader] Stripping types. This may take a while.
[Message: Preloader] Preloader finished
[Message:   BepInEx] Chainloader ready
[Message:   BepInEx] Chainloader started
[Info   :   BepInEx] 54 plugins to load
[Warning:   BepInEx] Skipping because a newer version exists [Rein Assembly-PreLoad 1.0.0.242]
[Info   :   BepInEx] Loading [Rein Assembly-PreLoad 1.0.0.242]
[Message:  ReinCore] ReinCore successfully loaded
[Info   :   BepInEx] Loading [R2API 2.4.10]
[Info   :     R2API] Enabling R2API Submodule: DifficultyAPI
[Info   :     R2API] Enabling R2API Submodule: DirectorAPI
[Info   :     R2API] Enabling R2API Submodule: EffectAPI
[Info   :     R2API] Enabling R2API Submodule: ItemAPI
[Info   :     R2API] Enabling R2API Submodule: ItemDropAPI
[Info   :     R2API] Enabling R2API Submodule: LoadoutAPI
[Info   :     R2API] Enabling R2API Submodule: PrefabAPI
[Info   :     R2API] Enabling R2API Submodule: ResourcesAPI
[Info   :     R2API] Enabling R2API Submodule: SurvivorAPI
[Info   :     R2API] Enabling R2API Submodule: CommandHelper
[Info   :     R2API] Enabling R2API Submodule: AssetPlus
[Info   :   BepInEx] Loading [AssetPlusRequester 1.0.0]
[Info   :   BepInEx] Loading [Configuration Manager 15.1]
[Info   :   BepInEx] Loading [LunarCoinShareOnPickup 3.6.0]
[Info   :   BepInEx] Loading [The Surgeon 1.4.1]
[Info   :   BepInEx] Loading [EmptyChestsBeGone 1.1.0]
[Info   :   BepInEx] Loading [Faster3DPrinters 1.0.0]
[Info   :   BepInEx] Loading [ScalingBloodShrines 1.0.0]
[Info   :   BepInEx] Loading [WaxQuailMultiJump 1.0.1]
[Info   :   BepInEx] Loading [FluffyLabsConfigManagerTools 1.0.1]
[Info   :   BepInEx] Loading [BulletFalloffFix 2.0.1]
[Info   :   BepInEx] Loading [EngiShieldNotification 3.0.0]
[Info   :   BepInEx] Loading [InfusionStackFix 5.0.2]
[Info   :   BepInEx] Loading [MacroCommands 2.0.0]
[Info   :   BepInEx] Loading [Void Reaver Survivor 0.2.2]
[Info   :   BepInEx] Loading [ShareSuite 2.0.0]
[Info   :   BepInEx] Loading [Ordered Items 2.1.0]
[Info   :   BepInEx] Loading [DebugToolkit 3.3.0]
[Info   :DebugToolkit] Created by Harb, iDeathHD and . Based on RoR2Cheats by Morris1927.
[Info   :   BepInEx] Loading [Diluvian 1.0.3]
[Info   :   BepInEx] Loading [HarbTweaks 1.0.0]
[Message:HarbTweaks] Loaded Tweak: Bigger Lockboxes.
[Message:HarbTweaks] Loaded Tweak: Commando Grenades are Impact.
[Message:HarbTweaks] Prepared Tweak: First Stage Spawns.
[Message:HarbTweaks] Prepared Tweak: Greedy Lockboxes.
[Message:HarbTweaks] Loaded Tweak: Multishop Improvements.
[Message:HarbTweaks] Loaded Tweak: No Forward Saw.
[Message:HarbTweaks] Loaded Tweak: Silent Altar.
[Info   :   BepInEx] Loading [MiniRpcLib 1.0]
[Info   :MiniRpcLib] Initializing Logger
[Info   :MiniRpcLib] Initializing MiniRpc
[Info   :MiniRpcLib] 3923704355[0] Registering action | Server
[Info   :MiniRpcLib] 3923704355[1] Registering action | Client
[Info   :MiniRpcLib] 3923704355[2] Registering action | Client
[Info   :MiniRpcLib] 3923704355[3] Registering action | Server
[Info   :   BepInEx] Loading [DPSMeter 0.0.6]
[Info   :MiniRpcLib] 3276788072[0] Registering action | Client
[Info   :   BepInEx] Loading [Rampage 1.1.4]
[Info   :MiniRpcLib] 59172005[0] Registering action | Client
[Info   :MiniRpcLib] 59172005[1] Registering action | Server
[Info   :MiniRpcLib] 59172005[2] Registering action | Server
[Info   :MiniRpcLib] 59172005[3] Registering action | Server
[Info   :   BepInEx] Loading [Raincoat 0.2.2]
[Info   :   BepInEx] Loading [Acrid On-Hit effects for Poisons 1.0.0]
[Info   : Unity Log] Loaded AcridPoisonOnHitEffects!
[Info   :   BepInEx] Loading [RTAutoSprintEx 1.0.5]
[Info   : Unity Log] AutoSprint: Disabling sprinting crosshair:
[Info   : Unity Log] AutoSprint: Disabling Sprint FOV Change:
[Info   : Unity Log] AutoSprint: Disabling Speedlines:
[Info   : Unity Log] AutoSprint: CameraRigController.Update IL edits done.
[Info   :   BepInEx] Loading [StatsDisplay 1.3]
[Info   : Unity Log] Loaded StatsDisplayMod
[Info   :   BepInEx] Loading [KeyBindForConsole 2.0.0]
[Info   :   BepInEx] Loading [BazaarPrinter 0.2.0]
[Info   :   BepInEx] Loading [BiggerBazaar 1.9.3]
[Info   :   BepInEx] Loading [ItemExchangeNotifier 1.3.0]
[Info   :   BepInEx] Loading [ScannerPlusOne 2.5.0]
[Info   :   BepInEx] Loading [ShrineOfDio 1.3.1]
[Info   :   BepInEx] Loading [TemporaryLunarCoins 0.1.0]
[Info   :   BepInEx] Loading [AllyPing 1.0.0]
[Info   :   BepInEx] Loading [Bandit Reloaded 1.1.1]
[Info   :   BepInEx] Loading [SimpleRoll 1.0]
[Info   :   BepInEx] Loading [StartingItemsBundle 1.0]
[Info   :   BepInEx] Loading [Pingprovements 1.5.1]
[Info   :   BepInEx] Loading [General Balance + Fixes 2.3.0.95]
[Info   :   BepInEx] Loading [ReinArchWisps 2.0.1]
[Info   :   BepInEx] Loading [ReinWickedRing 1.2.1]
[Info   :   BepInEx] Loading [Rogue Wisp 2.1.4.189]
[Message:Rogue Wisp] NetLib is not installed, loading fallback networking.
[Info   : Unity Log] AutoSprint: Disabling sprinting crosshair:
[Info   : Unity Log] AutoSprint: Disabling Sprint FOV Change:
[Info   : Unity Log] AutoSprint: Disabling Speedlines:
[Info   : Unity Log] AutoSprint: CameraRigController.Update IL edits done.
[Info   :   BepInEx] Loading [Rein-AlternativeArtificer 1.1.0.89]
[Info   :Rein-AlternativeArtificer] Loaded successfully
[Info   :   BepInEx] Loading [GiganticAmethyst 1.0.0]
[Info   :   BepInEx] Loading [Increase Huntress Range 1.0.0]
[Info   :   BepInEx] Loading [SolidIceWall 1.1.0]
[Info   : Unity Log] Loaded SolidIcewall!
[Info   :   BepInEx] Loading [StealthySpawn 1.0.0]
[Info   : Unity Log] Stealthy Spawn duration: 4s
[Info   :   BepInEx] Loading [AI Blacklister 1.0.0]
[Info   :   BepInEx] Loading [ShowDeathCause 1.0.2]
[Info   :   BepInEx] Loading [TooManyFriends 1.0]
[Info   :   BepInEx] Loading [PocketPrinter 1.1.0]
[Message:   BepInEx] Chainloader startup complete
[Info   : Unity Log] WwiseUnity: Sound engine initialized successfully.
[Info   : Unity Log] Bloom: True
[Info   : Unity Log] english
[Info   : Unity Log] Setting current language to "en"
[Info   : Unity Log] 2
[Info   : Unity Log] arg[0]="G:\SteamLibrary\steamapps\common\Risk of Rain 2\Risk of Rain 2.exe"
[Info   : Unity Log] arg[1]="--doorstop-enable"
[Info   : Unity Log] arg[2]="true"
[Info   : Unity Log] arg[3]="--doorstop-target"
[Info   : Unity Log] arg[4]="r2modman\BepInEx\core\BepInEx.Preloader.dll"
[Info   : Unity Log] Initializing system: ArtifactCatalog
[Info   : Unity Log] Initializing system: BodyCatalog
[Info   : Unity Log] Initializing system: BuffCatalog
[Info   :     R2API] Custom Buff: Anaesthetized added
[Info   :     R2API] Custom Buff: AltArtiFireBuff added
[Info   :     R2API] Custom Buff: BanditReloadedMarkedForDeath added
[Info   : Unity Log] Initializing system: CostTypeCatalog
[Info   : Unity Log] Initializing system: EffectCatalog
[Error  : Unity Log] Error registering effect "GrandparentGroundSwipeTrailEffect (UnityEngine.GameObject)": Prefab does not have EffectComponent attached.
[Info   : Unity Log] Initializing system: EliteCatalog
[Info   : Unity Log] Initializing system: EquipmentCatalog
[Info   :     R2API] Custom Equipment: Gigantic Amethyst added
[Info   : Unity Log] Initializing system: GenericPickupController
[Info   : Unity Log] Initializing system: NetworkUIPromptController
[Info   : Unity Log] Initializing system: PickupDropletController
[Info   : Unity Log] Initializing system: RunArtifactManager
[Info   : Unity Log] Initializing system: ItemCatalog
[Info   :     R2API] Custom Item: Bisco's Leash added
[Info   :     R2API] Custom Item: Adaptive Filament added
[Warning:AI Blacklister] 110 is not a valid ItemIndex.
[Info   :AI Blacklister] Added item 'ShockNearby' to AI blacklist.
[Info   :AI Blacklister] Removed item '110' from AI blacklist.
[Info   : Unity Log] Initializing system: MasterCatalog
[Info   : Unity Log] Initializing system: PickupCatalog
[Info   : Unity Log] Initializing system: PickupTransmutationManager
[Info   : Unity Log] Initializing system: ProjectileCatalog
[Info   : Unity Log] Initializing system: RuleCatalog
[Info   : Unity Log] Initializing system: SceneCatalog
[Info   : Unity Log] Initializing system: SteamworksServerManager
[Info   : Unity Log] Initializing system: SurvivorCatalog
[Warning: Unity Log] Unregistered survivor Bandit!
[Info   :     R2API] Survivor: Surgeon added
[Info   :     R2API] Survivor: Void Reaver added
[Info   :     R2API] Survivor: Bandit added
[Info   : Unity Log] Initializing system: UnlockableCatalog
[Info   : Unity Log] Initializing system: UserProfile
[Info   : Unity Log] Initializing system: SkinCatalog
[Info   : Unity Log] Initializing system: StatDef
[Info   : Unity Log] Initializing system: StatManager
[Info   : Unity Log] Initializing system: StatSheet
[Info   : Unity Log] Initializing system: SkillCatalog
[Info   : Unity Log] Initializing system: EnemyInfoPanel
[Info   : Unity Log] Initializing system: UILayerKey
[Info   : Unity Log] Initializing system: NetworkSoundEventCatalog
[Info   : Unity Log] Initializing system: BombArtifactManager
[Info   : Unity Log] Initializing system: CommandArtifactManager
[Info   : Unity Log] Initializing system: DoppelgangerInvasionManager
[Info   : Unity Log] Initializing system: EnigmaArtifactManager
[Info   : Unity Log] Initializing system: FriendlyFireArtifactManager
[Info   : Unity Log] Initializing system: MonsterTeamGainsItemsArtifactManager
[Info   : Unity Log] Initializing system: SacrificeArtifactManager
[Info   : Unity Log] Initializing system: SwarmsArtifactManager
[Info   : Unity Log] Initializing system: TeamDeathArtifactManager
[Info   : Unity Log] Initializing system: ProjectileGhostReplacementManager
[Info   : Unity Log] Initializing system: NetworkExtensions
[Info   : Unity Log] Initializing system: AchievementManager
[Info   : Unity Log] Initializing system: ArtifactMask
[Info   : Unity Log] Initializing system: BuffMask
[Info   : Unity Log] Initializing system: LunarItemOrEquipmentCostTypeHelper
[Info   : Unity Log] Initializing system: ItemDisplayRuleSet
[Info   : Unity Log] Initializing system: EquipmentMask
[Info   : Unity Log] Initializing system: PreGameRuleVoteController
[Info   : Unity Log] Initializing system: ShrineCleanseBehavior
[Info   : Unity Log] Initializing system: GameModeCatalog
[Info   : Unity Log] Registered gamemode BaseDefenseRun True
[Info   : Unity Log] Registered gamemode ClassicRun True
[Info   : Unity Log] Registered gamemode WeeklyRun True
[Info   : Unity Log] Initializing system: BodyLoadoutManager
[Info   : Unity Log] Initializing system: RuleBook
[Info   : Unity Log] SystemInitializerAttribute infinite loop detected. currentMethod=RoR2.CharacterSpawnCardInit
[Info   : Unity Log] Attempting to load user profile /UserProfiles/7ef3426e-253f-48ae-bb68-7d3897e57a30.xml
[Info   : Unity Log] stream.Length=138929
[Info   : Unity Log] Attempting to load user profile /UserProfiles/c0910e0f-b1a7-48d9-ac14-82f02f0114f0.xml
[Info   : Unity Log] stream.Length=131831
[Info   : Unity Log] english
[Info   : Unity Log] Setting current language to "en"
[Info   : Unity Log] 2
[Info   : Unity Log] Loaded archived convars.
[Info   : Unity Log] Could not load config /Config/autoexec.cfg: Could not find file "G:\SteamLibrary\steamapps\common\Risk of Rain 2\Risk of Rain 2_Data\Config\autoexec.cfg"
[Info   : Unity Log] Active scene changed from  to title
[Info   : Unity Log] Loaded scene title loadSceneMode=2
[Info   : Unity Log] Tried to add duplicate node /Logbook/LOGBOOK_CATEGORY_MONSTER/NULLIFIER_BODY_NAME
[Info   :DebugToolkit] Loading all CSC's: 43
[Info   :DebugToolkit] Loading all ISC's: 45
[Message:HarbTweaks] Prepared Tweak: Shorter Medkits.
[Info   :MiniRpcLib] 2769529076[0] Registering action | Server
[Info   :MiniRpcLib] 2769529076[1] Registering action | Server
[Info   :MiniRpcLib] 2769529076[2] Registering action | Client
[Error  : Unity Log] Error registering effect "GrandparentGroundSwipeTrailEffect (UnityEngine.GameObject)": Prefab does not have EffectComponent attached.
[Error  : Unity Log] Error registering effect "GrandparentGroundSwipeTrailEffect (UnityEngine.GameObject)": Prefab does not have EffectComponent attached.
[Info   : Unity Log] GameNetworkManager.desiredHost={ hostType=Self listen=False maxPlayers=4 }
[Info   : Unity Log] Unloaded scene title
[Info   : Unity Log] gridColumns=8,totalElements=14,gridRows=2,maxEntryCount=16
[Info   : Unity Log] FlashWindow.Flash(658166)
[Info   : Unity Log] Active scene changed from  to lobby
[Info   : Unity Log] Loaded scene lobby loadSceneMode=Single
[Info   : Unity Log] Adding local player controller 0 on connection hostId: -1 connectionId: 0 isReady: False channel count: 0
[Info   : Unity Log] GameNetworkManager.AddPlayerInternal(conn=hostId: -1 connectionId: 0 isReady: False channel count: 0, playerControllerId=0, extraMessageReader=NetBuf sz:251 pos:251
[Info   : Unity Log] FlashWindow.Flash(658166)
[Info   : Unity Log] OnClientSceneChanged networkSceneName=lobby currentSceneName=lobby
[Error  : Unity Log] A connection has already been set as ready. There can only be one.
[Info   : Unity Log] Player 0 already added, aborting.
[Info   : Unity Log] Attempting to generate PreGameVoteController for blazingdrummer
[Info   : Unity Log] <style=cEvent>blazingdrummer connected.</color>
[Info   : Unity Log] Unloaded scene lobby
[Info   : Unity Log] Active scene changed from  to blackbeach2
[Info   : Unity Log] Loaded scene blackbeach2 loadSceneMode=Single
[Info   : Unity Log] OnClientSceneChanged networkSceneName=blackbeach2 currentSceneName=blackbeach2
[Info   : Unity Log] Client ready.
[Info   : Unity Log] Player 0 already added, aborting.
[Info   : Unity Log] Spending 180 credits on interactables...
[Info   : Unity Log] MAP_BLACKBEACH_TITLE
[Info   : Unity Log] reorder list
[Error  : Unity Log] FileNotFoundException: Could not load file or assembly 'TextMeshPro-1.0.55.2017.1.0b11, Version=0.0.0.0, Culture=neutral, PublicKeyToken=null' or one of its dependencies.
Stack trace:
StatsDisplay.StatsDisplay.Update () (at <372153f7ecc04005aa28b4f525d700b7>:0)

[Info   : Unity Log] Chatbox showInput:True
[Info   : Unity Log] Chatbox showInput:False
[Info   : Unity Log] Chatbox showInput:True
[Error  : Unity Log] Object PodGroundImpact(Clone) (UnityEngine.GameObject) should not be instantiated by means other than EffectManager.instance.SpawnEffect.
[Info   : Unity Log] Submitting say cmd.
[Info   : Unity Log] SubmitChat() submittedText=tlc_aye
[Info   : Unity Log] Chatbox showInput:False
[Info   : Unity Log] <color=#e5eefc><noparse>blazingdrummer</noparse>: <noparse>tlc_aye</noparse></color>
[Info   : Unity Log]  -- Temporary Lunar Coins --
<size=15px>If you wish to participate in this run, you need to agree to have your lunar coins reset. Type <color=#00cc00>"tlc_aye"</color> in the chat if you agree. Otherwise leave the game and keep your coins. The game will resume once everyone present agreed.</size>
[Warning: Unity Log] Animator.GotoState: State could not be found
[Warning: Unity Log] Invalid Layer Index '-1'
[Warning: Unity Log] Animator.GotoState: State could not be found
[Warning: Unity Log] Invalid Layer Index '-1'
[Error  : Unity Log] InvalidCastException: Specified cast is not valid.
Stack trace:
(wrapper castclass) System.Object.__castclass_with_cache(object,intptr,intptr)
R2API.Utils.Reflection.GetFieldGetDelegate[TReturn] (System.Reflection.FieldInfo field) (at <97405be437ad4ebeb62748db4b205cb8>:0)
R2API.Utils.Reflection.GetFieldValue[TReturn] (System.Type staticType, System.String fieldName) (at <97405be437ad4ebeb62748db4b205cb8>:0)
DebugToolkit.StringFinder.GetEquipFromPartial (System.String name) (at <02aff9b1caf9494dbf323f5add5ba72c>:0)
DebugToolkit.Commands.Items.CCGiveEquipment (RoR2.ConCommandArgs args) (at <02aff9b1caf9494dbf323f5add5ba72c>:0)
DMD<RunCmd>?1568570880._RoR2_Console::RunCmd (RoR2.Console this, RoR2.NetworkUser sender, System.String concommandName, System.Collections.Generic.List`1[T] userArgs) (at <fb2cfdaeef364ffaadb53553d65fa3d1>:0)
DMD<>?1568570880._Trampoline<RoR2_Console::RunCmd>?770088960 (RoR2.Console , RoR2.NetworkUser , System.String , System.Collections.Generic.List`1[T] ) (at <31fd91f516a14023a104dccd39f73994>:0)
DebugToolkit.Hooks.LogNetworkCommandsAndCheckPermissions (RoR2.Console self, RoR2.NetworkUser sender, System.String concommandName, System.Collections.Generic.List`1[T] userArgs) (at <02aff9b1caf9494dbf323f5add5ba72c>:0)
DMD<>?1568570880._Hook<RoR2_Console::RunCmd>?280199168 (RoR2.Console , RoR2.NetworkUser , System.String , System.Collections.Generic.List`1[T] ) (at <8ba926200ae94ae8833fc4fdfe99622d>:0)
RoR2.Console.SubmitCmd (RoR2.NetworkUser sender, System.String cmd, System.Boolean recordSubmit) (at <824f54130ac5475b922a7de0bd33b9e0>:0)
RoR2.UI.ConsoleWindow.Submit (System.String text) (at <824f54130ac5475b922a7de0bd33b9e0>:0)
UnityEngine.Events.InvokableCall`1[T1].Invoke (T1 args0) (at <2cc17dca390941eeb4d7b2ff1f84696a>:0)
UnityEngine.Events.UnityEvent`1[T0].Invoke (T0 arg0) (at <2cc17dca390941eeb4d7b2ff1f84696a>:0)
TMPro.TMP_InputField.SendOnSubmit () (at <003a57f5ac9a476c9c282f6568d8ce63>:0)
TMPro.TMP_InputField.OnUpdateSelected (UnityEngine.EventSystems.BaseEventData eventData) (at <003a57f5ac9a476c9c282f6568d8ce63>:0)
UnityEngine.EventSystems.ExecuteEvents.Execute (UnityEngine.EventSystems.IUpdateSelectedHandler handler, UnityEngine.EventSystems.BaseEventData eventData) (at <f08606670e35461fb3330c99208b0ac8>:0)
UnityEngine.EventSystems.ExecuteEvents.Execute[T] (UnityEngine.GameObject target, UnityEngine.EventSystems.BaseEventData eventData, UnityEngine.EventSystems.ExecuteEvents+EventFunction`1[T1] functor) (at <f08606670e35461fb3330c99208b0ac8>:0)
UnityEngine.EventSystems.ExecuteEvents:Execute(GameObject, BaseEventData, EventFunction`1)
Rewired.Integration.UnityUI.RewiredStandaloneInputModule:SendUpdateEventToSelectedObject()
Rewired.Integration.UnityUI.RewiredStandaloneInputModule:Process()
UnityEngine.EventSystems.EventSystem:Update()
RoR2.UI.MPEventSystem:Update()

[Info   : Unity Log] <color=#FF7F7F>"add_portal"</color>
- Add a portal to the current Teleporter on completion. Requires 1 argument: add_portal (all|blue|celestial|gold)
<color=#FF7F7F>"ai_update_interval" = "0.2"</color>
 - Frequency that the local navigator refreshes.
<color=#FF7F7F>"aim_stick_assist_max_delta" = "1.57"</color>
 - The MAX amount in radians the aim assist will turn towards
<color=#FF7F7F>"aim_stick_assist_max_input_help" = "0.2"</color>
 - The amount, from 0-1, that the aim assist will actually ADD magnitude towards. Helps you keep target while strafing. CURRENTLY UNUSED.
<color=#FF7F7F>"aim_stick_assist_max_size" = "3"</color>
 - The size, as a coefficient, of the aim assist 'white' zone.
<color=#FF7F7F>"aim_stick_assist_max_slowdown_scale" = "0.4"</color>
 - The MAX amount the sensitivity scales down when passing over an enemy.
<color=#FF7F7F>"aim_stick_assist_min_delta" = "0"</color>
 - The MIN amount in radians the aim assist will turn towards
<color=#FF7F7F>"aim_stick_assist_min_size" = "1"</color>
 - The minimum size, as a percentage of the GUI, of the aim assist 'red' zone.
<color=#FF7F7F>"aim_stick_assist_min_slowdown_scale" = "1"</color>
 - The MAX amount the sensitivity scales down when passing over an enemy.
<color=#FF7F7F>"aim_stick_dual_zone_slope" = "0.4"</color>
 - The slope value for stick dual zone behavior.
<color=#FF7F7F>"aim_stick_dual_zone_threshold" = "0.9"</color>
 - The threshold for stick dual zone behavior.
<color=#FF7F7F>"aim_stick_exponent" = "1"</color>
 - The exponent for stick input used for aiming.
<color=#FF7F7F>"aim_stick_global_scale" = "1"</color>
 - The global sensitivity scale for stick aiming.
<color=#FF7F7F>"aim_stick_smoothing" = "0.05"</color>
 - The smoothing value for stick aiming.
<color=#FF7F7F>"anisotropic_filtering" = "Disable"</color>
 - The anisotropic filtering mode. Can be "Disable", "Enable" or "ForceEnable".
<color=#FF7F7F>"audio_focused_only" = "1"</color>
 - Whether or not audio should mute when focus is lost.
<color=#FF7F7F>"auto_simulate_physics" = "1"</color>
 - Enable/disables Physics autosimulate.
<color=#FF7F7F>"ban"</color>
- Bans the specified player from the session. Requires 1 argument: ({PlayerID:self}|{Playername})
<color=#FF7F7F>"ban_steam"</color>
- Bans the user with the specified steam id from the server.
<color=#FF7F7F>"body_generate_portraits"</color>
- Generates portraits for all bodies that are currently using the default.
<color=#FF7F7F>"body_list"</color>
- Prints a list of all character bodies in the game.
<color=#FF7F7F>"body_reload_all"</color>
- Reloads all bodies and repopulates the BodyCatalog.
<color=#FF7F7F>"change_team"</color>
- Change the specified player to the specified team. Requires 1 argument: change_team {TeamIndex:0/Neutral} ({PlayerID:self}|{Playername})
<color=#FF7F7F>"chat_debug" = "0"</color>
 - Enables logging of chat network messages.
<color=#FF7F7F>"chat_max_messages" = "30"</color>
 - Maximum number of chat messages to store.
<color=#FF7F7F>"cheats" = "0"</color>
 - Enable cheats. Achievements, unlock progression, and stat tracking will be disabled until the application is restarted. But you already have the DebugToolkit mod installed...
<color=#FF7F7F>"cl_password" = ""</color>
 - The password to use when joining a passworded server.
<color=#FF7F7F>"clear"</color>
- Clears the console output.
<color=#FF7F7F>"client_set_players"</color>
- Adds network players for all local players. Debug only.
<color=#FF7F7F>"cmotor_safe_collision_step_threshold" = "1.083333"</color>
 - How large of a movement in meters/fixedTimeStep is needed to trigger more expensive "safe" collisions to prevent tunneling. Let the DebugToolkit team know if you need this convar.
<color=#FF7F7F>"connect"</color>
- Connect to a server.
<color=#FF7F7F>"connect_steamworks_p2p"</color>
- Connect to a server using Steamworks P2P. Argument is the 64-bit Steam ID of the server to connect to.
<color=#FF7F7F>"console_enabled" = "0"</color>
 - Enables/Disables the console.
<color=#FF7F7F>"contact_damage_update_interval" = "0.1"</color>
 - Frequency that the contact damage fires.
<color=#FF7F7F>"corpses_disposal" = "Hard"</color>
 - The corpse disposal mode. Choices are Hard and OutOfSight.
<color=#FF7F7F>"corpses_max" = "0"</color>
 - The maximum number of corpses allowed.
<color=#FF7F7F>"create_corrupted_profiles"</color>
- Creates corrupted user profiles.
<color=#FF7F7F>"create_pickup"</color>
- Creates a PickupDroplet infront of your position. Requires 1 argument: create_pickup ("coin"|{localised_object_name}) ("item"|"equip")
<color=#FF7F7F>"cvarlist"</color>
- Print all available convars and concommands.
<color=#FF7F7F>"debug_aim_assist_visual_coefficient" = "2"</color>
 - Magic for debug visuals. Don't touch.
<color=#FF7F7F>"debugtoolkit_debug" = "0"</color>
 - DebugToolkit extensive debugging
<color=#FF7F7F>"director_combat_disable" = "0"</color>
 - Disables all combat directors. Use no_enemies instead!
<color=#FF7F7F>"director_combat_enable_internal_logs" = "0"</color>
 - Enables all combat directors to print internal logging.
<color=#FF7F7F>"disconnect"</color>
- Disconnect from a server or shut down the current server.
<color=#FF7F7F>"dtzoom"</color>
- gives you 20 hooves and 200 feathers for getting around quickly.
<color=#FF7F7F>"dump_lobbies"</color>
- 
<color=#FF7F7F>"dump_network_ids"</color>
- Lists the network ids of all currently networked game objects.
<color=#FF7F7F>"dump_projectile_map"</color>
- Dumps the map between indices and projectile prefabs.
<color=#FF7F7F>"ea_message_skip" = "0"</color>
 - Whether or not to skip the early access splash screen.
<color=#FF7F7F>"echo"</color>
- Echoes the given text to the console.
<color=#FF7F7F>"effects_reload"</color>
- Reloads the effect catalog.
<color=#FF7F7F>"enable_damage_numbers" = "1"</color>
 - Whether or not damage and healing numbers spawn.
<color=#FF7F7F>"enable_sprint_sensitivity_slowdown" = "0"</color>
 - Enables sensitivity reduction while sprinting.
<color=#FF7F7F>"exec"</color>
- Executes a named config from the "Config/" folder.
<color=#FF7F7F>"exp_and_money_effects" = "1"</color>
 - Whether or not to create effects for experience and money from defeating monsters.
<color=#FF7F7F>"export_controller_maps"</color>
- Prints all Rewired ControllerMaps of the first player as xml.
<color=#FF7F7F>"export_default_controller_maps"</color>
- Prints all default Rewired ControllerMaps.
<color=#FF7F7F>"find"</color>
- Find all concommands and convars with the specified substring.
<color=#FF7F7F>"fixed_time"</color>
- Sets the run timer to the specified value. Requires 1 argument: fixed_time {NewTime}
<color=#FF7F7F>"force_family_event"</color>
- Forces a family event to occur during the next stage. Requires 0 arguments: force_family_event
<color=#FF7F7F>"fps_max" = "-1"</color>
 - Maximum FPS. -1 is unlimited.
<color=#FF7F7F>"gamemode" = "ClassicRun"</color>
 - Sets the specified game mode as the one to use in the next run.
<color=#FF7F7F>"gamma" = "0"</color>
 - Gamma boost, from -inf to inf.
<color=#FF7F7F>"give_equip"</color>
- Gives the specified item to the player. Requires 1 (2 if from server) argument: give_equip {localised_object_name} ({PlayerID:self}|{Playername})
<color=#FF7F7F>"give_item"</color>
- Gives the specified item to the player in the specified quantity. Requires 1 (2 if from server) argument: give_item {localised_object_name} {Count:1} ({PlayerID:self}|{Playername})
<color=#FF7F7F>"give_lunar"</color>
- Gives a lunar coin to you. Requires 0 arguments: give_lunar {Count:1}
<color=#FF7F7F>"give_money"</color>
- Gives the specified amount of money to the specified player. Requires 1 argument: give_money {Count} ({PlayerID:self}|{Playername}|"all")
<color=#FF7F7F>"god"</color>
- Become invincible. Requires 0 arguments: god
<color=#FF7F7F>"harbtweaks_loglevel" = "2"</color>
 - Loglevel of HarbTweaks: 0=Nothing but errors are logged. 1=Only warnings and errors are logged. 2=startup messages only. 3=You wish to know everything.
<color=#FF7F7F>"help"</color>
- Show help text for the named convar or concommand.
<color=#FF7F7F>"host"</color>
- Host a server. First argument is whether or not to listen for incoming connections.
<color=#FF7F7F>"hud_enable" = "1"</color>
 - Enable/disable the HUD.
<color=#FF7F7F>"hud_scale" = "100"</color>
 - Scales the size of HUD elements in-game. Defaults to 100.
<color=#FF7F7F>"kick"</color>
- Kicks the specified player from the session. Requires 1 argument: ({PlayerID:self}|{Playername})
<color=#FF7F7F>"kick_steam"</color>
- Kicks the user with the specified steam id from the server.
<color=#FF7F7F>"kill_all"</color>
- Kill all entities on the specified team. Requires 0 arguments: kill_all {TeamIndex:2/Monster}
<color=#FF7F7F>"language" = "platform"</color>
 - Which language to use.
<color=#FF7F7F>"language_dump_to_json"</color>
- Combines all files for the given language into a single JSON file.
<color=#FF7F7F>"language_generate_tokens"</color>
- Generates default token definitions to be inserted into a JSON language file.
<color=#FF7F7F>"language_reload"</color>
- Reloads the current language.
<color=#FF7F7F>"lategame"</color>
- sets the current run to the 'lategame' as defined by HG. This command is DESTRUCTIVE.
<color=#FF7F7F>"list_ai"</color>
- List all Masters and their language invariants
<color=#FF7F7F>"list_body"</color>
- List all Bodies and their language invariants
<color=#FF7F7F>"list_directorcards"</color>
- Yell at the modmakers if you see this message!
<color=#FF7F7F>"list_interactables"</color>
- Lists all interactables.
<color=#FF7F7F>"list_player"</color>
- List all players and their ID
<color=#FF7F7F>"loadout_set_skill_variant"</color>
- loadout_set_skill_variant [body_name] [skill_slot_index] [skill_variant_index]
Sets the skill variant for the sender's user profile.
<color=#FF7F7F>"master_texture_limit" = "0"</color>
 - Reduction in texture quality. 0 is highest quality textures, 1 is half, 2 is quarter, etc.
<color=#FF7F7F>"max_messages" = "100"</color>
 - Maximum number of messages that can be held in the console log.
<color=#FF7F7F>"midgame"</color>
- sets the current run to the 'midgame' as defined by HG. This command is DESTRUCTIVE.
<color=#FF7F7F>"minion_dump"</color>
- Prints debug information about all active minion groups.
<color=#FF7F7F>"net_loglevel" = "2"</color>
 - Network log verbosity.
<color=#FF7F7F>"net_p2p_debug_transport" = "0"</color>
 - Allows p2p transport information to print to the console.
<color=#FF7F7F>"net_p2p_log_messages" = "0"</color>
 - Enables logging of network messages.
<color=#FF7F7F>"net_rtt_smooth_duration" = "0.1"</color>
 - The smoothing duration for round-trip time values.
<color=#FF7F7F>"net_time_smooth_rate" = "1.05"</color>
 - The smoothing rate for the network time.
<color=#FF7F7F>"next_boss"</color>
- Sets the next teleporter instance to the specified boss. Requires 1 argument: next_boss ({localised_object_name}|{DirectorCard}) {(int)Count:1} {EliteIndex:-1/None}
<color=#FF7F7F>"next_stage"</color>
- Forces a stage change to the specified stage. Requires 0 arguments: next_stage {Stage}
<color=#FF7F7F>"no_enemies"</color>
- Toggle Monster spawning. Requires 0 arguments: no_enemies
<color=#FF7F7F>"noclip"</color>
- Allow flying and going through objects. Sprinting will double the speed. Requires 0 arguments: noclip
<color=#FF7F7F>"open_server_browser"</color>
- Opens the server browser window.
<color=#FF7F7F>"pause"</color>
- Toggles game pause state.
<color=#FF7F7F>"perm_enable"</color>
- Enable or disable the permission system.Requires 0 argument: perm_enable
<color=#FF7F7F>"perm_mod"</color>
- Change the permission level of the specified playerid/usernameRequires 2 argument: perm_mod (PermissionLevel (0, 1, 2 OR None, SubAdmin, Admin) ({PlayerID}|{Playername}) 
<color=#FF7F7F>"perm_reload"</color>
- Reload the permission system, updates user and commands permissions.
<color=#FF7F7F>"pickup_print_all"</color>
- Prints all pickup definitions.
<color=#FF7F7F>"ping"</color>
- Prints the current round trip time from this client to the server and back.
<color=#FF7F7F>"position_indicators_enable" = "1"</color>
 - Enables/Disables position indicators for allies, bosses, pings, etc.
<color=#FF7F7F>"post_sound_event"</color>
- Post a sound event to the AkSoundEngine (WWise) by its event name.
<color=#FF7F7F>"pp_ao" = "1"</color>
 - SSAO postprocessing. 0 = disabled 1 = enabled
<color=#FF7F7F>"pp_bloom" = "1"</color>
 - Bloom postprocessing. 0 = disabled 1 = enabled
<color=#FF7F7F>"pp_motionblur" = "0"</color>
 - Motion blur. 0 = disabled 1 = enabled
<color=#FF7F7F>"pp_sobel_outline" = "1"</color>
 - Whether or not to use the sobel rim light effect.
<color=#FF7F7F>"pregame_start_run"</color>
- Begins a run out of pregame.
<color=#FF7F7F>"print_local_users"</color>
- Prints a list of all local users.
<color=#FF7F7F>"print_stats"</color>
- Prints all current stats of the sender.
<color=#FF7F7F>"processor_affinity" = "63"</color>
 - The processor affinity mask.
<color=#FF7F7F>"quit"</color>
- Close the application.
<color=#FF7F7F>"quit_confirmed_command"</color>
- Runs the command provided in the argument only if the user confirms they want to quit the current game via dialog UI.
<color=#FF7F7F>"r_foliagewind" = "1"</color>
 - Whether or not foliage has wind.
<color=#FF7F7F>"r_lod_bias" = "2"</color>
 - LOD bias.
<color=#FF7F7F>"r_lod_max" = "0"</color>
 - The maximum allowed LOD level.
<color=#FF7F7F>"r_msaa" = "2"</color>
 - Whether or not MSAA for the UI is enabled.
<color=#FF7F7F>"r_shadows" = "All"</color>
 - Shadow quality. Can be "All" "HardOnly" or "Disable"
<color=#FF7F7F>"r_softparticles" = "1"</color>
 - Whether or not soft particles are enabled.
<color=#FF7F7F>"random_items"</color>
- Generates the specified amount of items for the specified player from the available item pools at random.
<color=#FF7F7F>"reload_all_config"</color>
- Reload all default config files from all loaded plugins.
<color=#FF7F7F>"remove_all_local_users"</color>
- Removes all local users.
<color=#FF7F7F>"remove_equip"</color>
- Removes the equipment from the specified player. Requires 0 arguments: remove_equip ({PlayerID:self}|{Playername})
<color=#FF7F7F>"remove_item"</color>
- Removes the specified quantities of an item from a player. Requires 1 argument: remove_item {localised_object_name} ({Count}|"all") ({PlayerID:self}|{Playername})
<color=#FF7F7F>"resolution" = "1920x1080x144"</color>
 - The resolution of the game window. Format example: 1920x1080x60
<color=#FF7F7F>"resolution_list"</color>
- Prints a list of all possible resolutions for the current display.
<color=#FF7F7F>"resolution_scale" = "1"</color>
 - Resolution scale. Currently nonfunctional.
<color=#FF7F7F>"respawn"</color>
- Respawns the specified player. Requires 0 arguments: respawn ({PlayerID:self}|{Playername})
<color=#FF7F7F>"rng_test_roll"</color>
- Tests the RNG. First argument is a percent chance, second argument is a number of rolls to perform. Result is the average number of rolls that passed.
<color=#FF7F7F>"rt_artificer_flamethrower_toggle"</color>
- args[0]=(bool)enabled
<color=#FF7F7F>"rt_enabled"</color>
- args[0]=(bool)enabled
<color=#FF7F7F>"rt_fov"</color>
- args[0]=(int)fov
<color=#FF7F7F>"rt_help"</color>
- 
<color=#FF7F7F>"rule_show_items" = "0"</color>
 - Whether or not to allow voting on items in the pregame rules.
<color=#FF7F7F>"rules_dump"</color>
- Dump information about the rules system.
<color=#FF7F7F>"run_end"</color>
- Ends the current run.
<color=#FF7F7F>"run_print_seed"</color>
- Prints the seed of the current run.
<color=#FF7F7F>"run_print_unlockables"</color>
- Prints all unlockables available in this run.
<color=#FF7F7F>"run_scene_override" = ""</color>
 - Overrides the first scene to enter in a run.
<color=#FF7F7F>"run_set_stages_cleared"</color>
- Sets the amount of stages cleared. This does not change the current stage.
<color=#FF7F7F>"say"</color>
- Sends a chat message.
<color=#FF7F7F>"scene_list"</color>
- Prints a list of all available scene names.
<color=#FF7F7F>"seed"</color>
- Gets/Sets the game seed until game close. Use 0 to reset to vanilla generation. Requires no or 1 argument: seed [new seed]
<color=#FF7F7F>"set_scene"</color>
- Changes to the named scene.
<color=#FF7F7F>"set_vstr"</color>
- Sets the specified vstr to the specified value.
<color=#FF7F7F>"shadow_cascades" = "2"</color>
 - The number of cascades to use for directional light shadows. low=0 high=4
<color=#FF7F7F>"shadow_distance" = "200"</color>
 - The distance in meters to draw shadows.
<color=#FF7F7F>"shadow_resolution" = "Medium"</color>
 - Default shadow resolution. Can be "Low", "Medium", "High" or "VeryHigh".
<color=#FF7F7F>"spawn_ai"</color>
- Spawns the specified CharacterMaster. Requires 1 argument: spawn_ai {localised_objectname} [Count:1] [EliteIndex:-1/None] [Braindead:0/false(0|1)] [TeamIndex:2/Monster]
<color=#FF7F7F>"spawn_as"</color>
- Respawn the specified player using the specified body prefab. Requires 1 argument: spawn_as {localised_objectname} ({PlayerID:self}|{Playername})
<color=#FF7F7F>"spawn_body"</color>
- Spawns the specified dummy body. Requires 1 argument: spawn_body {localised_objectname}
<color=#FF7F7F>"spawn_interactable"</color>
- Spawns the specified interactable. List_Interactable for options. Requires 1 argument: spawn_interactable {InteractableSpawnCard}
<color=#FF7F7F>"spite_bomb_coefficient" = "0.5"</color>
 - Multiplier for number of spite bombs.
<color=#FF7F7F>"ss_bossitemsshared"</color>
- Modifies whether boss items are shared or not.
<color=#FF7F7F>"ss_bosslootcredit"</color>
- Modifies amount of boss item drops.
<color=#FF7F7F>"ss_deadplayersgetitems"</color>
- Modifies whether items are shared to dead players.
<color=#FF7F7F>"ss_dropblacklistedequipmentonshare"</color>
- Changes the way shared equipment handles blacklisted equipment.
<color=#FF7F7F>"ss_enabled"</color>
- Toggles mod.
<color=#FF7F7F>"ss_equipmentshared"</color>
- Modifies whether equipment is shared or not.
<color=#FF7F7F>"ss_greenitemsshared"</color>
- Modifies whether green items are shared or not.
<color=#FF7F7F>"ss_interactablescredit"</color>
- Modifies amount of interactables when player scaling is overridden.
<color=#FF7F7F>"ss_lunaritemsshared"</color>
- Modifies whether lunar items are shared or not.
<color=#FF7F7F>"ss_moneyisshared"</color>
- Modifies whether money is shared or not.
<color=#FF7F7F>"ss_moneyscalar"</color>
- Modifies percent of gold earned when money sharing is on.
<color=#FF7F7F>"ss_moneyscalarenabled"</color>
- Modifies whether the money scalar is enabled.
<color=#FF7F7F>"ss_overridebosslootscaling"</color>
- Modifies whether boss loot should scale based on player count.
<color=#FF7F7F>"ss_overrideplayerscaling"</color>
- Modifies whether interactable count should scale based on player count.
<color=#FF7F7F>"ss_overridevoidfieldloot"</color>
- Modifies whether Void Field loot should scale based on player count.
<color=#FF7F7F>"ss_printercauldronfix"</color>
- Modifies whether printers and cauldrons should not duplicate items.
<color=#FF7F7F>"ss_randomizesharedpickups"</color>
- Randomizes pickups per player.
<color=#FF7F7F>"ss_reditemsshared"</color>
- Modifies whether red items are shared or not.
<color=#FF7F7F>"ss_richmessagesenabled"</color>
- Modifies whether rich messages are enabled or not.
<color=#FF7F7F>"ss_voidfieldlootcredit"</color>
- Modifies amount of Void Field item drops.
<color=#FF7F7F>"ss_whiteitemsshared"</color>
- Modifies whether white items are shared or not.
<color=#FF7F7F>"stage1_pod" = "1"</color>
 - Whether or not to use the pod when spawning on the first stage.
<color=#FF7F7F>"steam_get_p2p_session_state"</color>
- 
<color=#FF7F7F>"steam_id"</color>
- Displays your steam id.
<color=#FF7F7F>"steam_lobby_allow_persistence" = "1"</color>
 - Whether or not the application should attempt to reestablish an active game session's Steamworks lobby if it's been lost.
<color=#FF7F7F>"steam_lobby_assign_owner"</color>
- 
<color=#FF7F7F>"steam_lobby_copy_to_clipboard"</color>
- Copies the currently active lobby to the clipboard if applicable.
<color=#FF7F7F>"steam_lobby_create"</color>
- 
<color=#FF7F7F>"steam_lobby_create_if_none"</color>
- 
<color=#FF7F7F>"steam_lobby_find"</color>
- 
<color=#FF7F7F>"steam_lobby_id"</color>
- Displays the steam id of the current lobby.
<color=#FF7F7F>"steam_lobby_invite"</color>
- Invites the player with the specified steam id to the current lobby.
<color=#FF7F7F>"steam_lobby_join"</color>
- 
<color=#FF7F7F>"steam_lobby_leave"</color>
- 
<color=#FF7F7F>"steam_lobby_open_invite_overlay"</color>
- Opens the steam overlay to the friend invite dialog.
<color=#FF7F7F>"steam_lobby_print_data"</color>
- Prints all data about the current steam lobby.
<color=#FF7F7F>"steam_lobby_print_list"</color>
- Displays a list of lobbies from the last search.
<color=#FF7F7F>"steam_lobby_print_members"</color>
- Displays the members current lobby.
<color=#FF7F7F>"steam_lobby_update_player_count"</color>
- Forces a refresh of the steam lobby player count.
<color=#FF7F7F>"steam_quickplay_start"</color>
- 
<color=#FF7F7F>"steam_quickplay_stop"</color>
- 
<color=#FF7F7F>"steam_remote_storage_list_files"</color>
- Lists the files currently being managed by Steamworks remote storage.
<color=#FF7F7F>"steam_server_force_heartbeat"</color>
- Forces the server to issue a heartbeat to the master server.
<color=#FF7F7F>"steam_server_heartbeat_enabled" = "0"</color>
 - Whether or not this server issues any heartbeats to the Steam master server and effectively advertises it in the master server list. Default is 1 for dedicated servers, 0 for client builds.
<color=#FF7F7F>"steam_server_print_info"</color>
- Prints debug info about the currently hosted Steamworks server.
<color=#FF7F7F>"steam_server_query_port" = "0"</color>
 - The port for queries.
<color=#FF7F7F>"steam_server_steam_port" = "0"</color>
 - The port for steam. 0 for a random port in the range 10000-60000.
<color=#FF7F7F>"steamworks_client_print_p2p_connection_status"</color>
- Prints debug information for any established P2P connection to the specified Steam ID.
<color=#FF7F7F>"sv_hostname" = "NAME"</color>
 - The public name to use for the server if hosting.
<color=#FF7F7F>"sv_ip" = ""</color>
 - The IP for the server to bind to if hosting.
<color=#FF7F7F>"sv_listen" = "0"</color>
 - Whether or not the server will accept connections from other players.
<color=#FF7F7F>"sv_maxplayers" = "4"</color>
 - Maximum number of players allowed.
<color=#FF7F7F>"sv_password" = ""</color>
 - The password to use for the server if hosting.
<color=#FF7F7F>"sv_port" = "7777"</color>
 - The port to use for the server if hosting.
<color=#FF7F7F>"sv_time_transmit_interval" = "0.01666667"</color>
 - How long it takes for the server to issue a time update to clients.
<color=#FF7F7F>"sync_physics" = "0"</color>
 - Enable/disables Physics 'autosyncing' between moves.
<color=#FF7F7F>"team_set_level"</color>
- Sets the team specified by the first argument to the level specified by the second argument.
<color=#FF7F7F>"teleport_on_cursor"</color>
- Teleport you to where your cursor is currently aiming at. Requires 0 arguments: teleport_on_cursor
<color=#FF7F7F>"test_splitscreen"</color>
- Logs in the specified number of guest users, or two by default.
<color=#FF7F7F>"time_scale"</color>
- Sets the Time Delta. Requires 1 argument: time_scale {TimeIncrement}
<color=#FF7F7F>"timer_resolution" = "9973"</color>
 - The Windows timer resolution.
<color=#FF7F7F>"timescale" = "1"</color>
 - The timescale of the game. Use time_scale instead!
<color=#FF7F7F>"timestep" = "0.01666667"</color>
 - The timestep of the game. Let the DebugToolkit team know if you need this convar.
<color=#FF7F7F>"transition_command"</color>
- Fade out and execute a command at the end of the fadeout.
<color=#FF7F7F>"true_kill"</color>
- Ignore Dio's and kill the entity. Requires 0 arguments: true_kill ({PlayerID:self}|{Playername})
<color=#FF7F7F>"user_profile_copy"</color>
- Copies the profile named by the first argument to a new profile named by the second argument. This does not save the profile.
<color=#FF7F7F>"user_profile_delete"</color>
- Unloads the named user profile and deletes it from the disk if it exists.
<color=#FF7F7F>"user_profile_main" = "c0910e0f-b1a7-48d9-ac14-82f02f0114f0"</color>
 - The current user profile.
<color=#FF7F7F>"user_profile_save"</color>
- Saves the named profile to disk, if it exists.
<color=#FF7F7F>"userprofile_test_buffer_overflow"</color>
- 
<color=#FF7F7F>"vehicle_seat_debug" = "0"</color>
 - Enables debug logging for VehicleSeat.
<color=#FF7F7F>"vfxbudget_low_priority_cost_threshold" = "50"</color>
 - 
<color=#FF7F7F>"vfxbudget_medium_priority_cost_threshold" = "200"</color>
 - 
<color=#FF7F7F>"vfxbudget_particle_cost_bias" = "0"</color>
 - 
<color=#FF7F7F>"viewables_list"</color>
- Displays the full names of all viewables.
<color=#FF7F7F>"viewables_list_unviewed"</color>
- Displays the full names of all unviewed viewables.
<color=#FF7F7F>"viewables_warn_undefined" = "0"</color>
 - Issues a warning in the console if a viewable is not defined.
<color=#FF7F7F>"volume_master" = "29.73266"</color>
 - The master volume of the game audio, from 0 to 100.
<color=#FF7F7F>"volume_msx" = "100"</color>
 - The music volume, from 0 to 100.
<color=#FF7F7F>"volume_sfx" = "100"</color>
 - The volume of sound effects, from 0 to 100.
<color=#FF7F7F>"vsync_count" = "0"</color>
 - Vsync count.
<color=#FF7F7F>"wait_ms" = "-1"</color>
 - How many milliseconds to sleep between each frame. -1 for no sleeping between frames.
<color=#FF7F7F>"window_mode" = "Fullscreen"</color>
 - The window mode. Choices are Fullscreen and Window.
<color=#FF7F7F>"wwise_log_enabled" = "1"</color>
 - Wwise logging. 0 = disabled 1 = enabled
[Info   :MacroCommands] Macro triggered! - KBS = F2
[Info   : Unity Log] God mode enabled.
[Info   : Unity Log] Noclip toggled to True
[Info   :MacroCommands] Macro triggered! - KBS = F3
[Info   : Unity Log] No_enemies set to True
[Info   : Unity Log] Killed 19 of team Monster.
[Warning: Unity Log] Animator.GotoState: State could not be found
[Warning: Unity Log] Invalid Layer Index '-1'
[Warning: Unity Log] Animator.GotoState: State could not be found
[Warning: Unity Log] Invalid Layer Index '-1'
[Warning: Unity Log] Animator.GotoState: State could not be found
[Warning: Unity Log] Invalid Layer Index '-1'
[Warning: Unity Log] Animator.GotoState: State could not be found
[Warning: Unity Log] Invalid Layer Index '-1'
[Warning: Unity Log] Animator.GotoState: State could not be found
[Warning: Unity Log] Invalid Layer Index '-1'
[Warning: Unity Log] Animator.GotoState: State could not be found
[Warning: Unity Log] Invalid Layer Index '-1'
[Info   :MacroCommands] Macro triggered! - KBS = F2
[Info   : Unity Log] God mode disabled.
[Info   : Unity Log] Noclip toggled to False
[Info   : Unity Log] Specified player does not exist
[Info   : Unity Log] Specified player does not exist
[Error  : Unity Log] InvalidCastException: Specified cast is not valid.
Stack trace:
(wrapper castclass) System.Object.__castclass_with_cache(object,intptr,intptr)
R2API.Utils.Reflection.GetFieldGetDelegate[TReturn] (System.Reflection.FieldInfo field) (at <97405be437ad4ebeb62748db4b205cb8>:0)
R2API.Utils.Reflection.GetFieldValue[TReturn] (System.Type staticType, System.String fieldName) (at <97405be437ad4ebeb62748db4b205cb8>:0)
DebugToolkit.StringFinder.GetEquipFromPartial (System.String name) (at <02aff9b1caf9494dbf323f5add5ba72c>:0)
DebugToolkit.Commands.Items.CCGiveEquipment (RoR2.ConCommandArgs args) (at <02aff9b1caf9494dbf323f5add5ba72c>:0)
DMD<RunCmd>?1568570880._RoR2_Console::RunCmd (RoR2.Console this, RoR2.NetworkUser sender, System.String concommandName, System.Collections.Generic.List`1[T] userArgs) (at <fb2cfdaeef364ffaadb53553d65fa3d1>:0)
DMD<>?1568570880._Trampoline<RoR2_Console::RunCmd>?770088960 (RoR2.Console , RoR2.NetworkUser , System.String , System.Collections.Generic.List`1[T] ) (at <31fd91f516a14023a104dccd39f73994>:0)
DebugToolkit.Hooks.LogNetworkCommandsAndCheckPermissions (RoR2.Console self, RoR2.NetworkUser sender, System.String concommandName, System.Collections.Generic.List`1[T] userArgs) (at <02aff9b1caf9494dbf323f5add5ba72c>:0)
DMD<>?1568570880._Hook<RoR2_Console::RunCmd>?280199168 (RoR2.Console , RoR2.NetworkUser , System.String , System.Collections.Generic.List`1[T] ) (at <8ba926200ae94ae8833fc4fdfe99622d>:0)
RoR2.Console.SubmitCmd (RoR2.NetworkUser sender, System.String cmd, System.Boolean recordSubmit) (at <824f54130ac5475b922a7de0bd33b9e0>:0)
RoR2.UI.ConsoleWindow.Submit (System.String text) (at <824f54130ac5475b922a7de0bd33b9e0>:0)
UnityEngine.Events.InvokableCall`1[T1].Invoke (T1 args0) (at <2cc17dca390941eeb4d7b2ff1f84696a>:0)
UnityEngine.Events.UnityEvent`1[T0].Invoke (T0 arg0) (at <2cc17dca390941eeb4d7b2ff1f84696a>:0)
TMPro.TMP_InputField.SendOnSubmit () (at <003a57f5ac9a476c9c282f6568d8ce63>:0)
TMPro.TMP_InputField.OnUpdateSelected (UnityEngine.EventSystems.BaseEventData eventData) (at <003a57f5ac9a476c9c282f6568d8ce63>:0)
UnityEngine.EventSystems.ExecuteEvents.Execute (UnityEngine.EventSystems.IUpdateSelectedHandler handler, UnityEngine.EventSystems.BaseEventData eventData) (at <f08606670e35461fb3330c99208b0ac8>:0)
UnityEngine.EventSystems.ExecuteEvents.Execute[T] (UnityEngine.GameObject target, UnityEngine.EventSystems.BaseEventData eventData, UnityEngine.EventSystems.ExecuteEvents+EventFunction`1[T1] functor) (at <f08606670e35461fb3330c99208b0ac8>:0)
UnityEngine.EventSystems.ExecuteEvents:Execute(GameObject, BaseEventData, EventFunction`1)
Rewired.Integration.UnityUI.RewiredStandaloneInputModule:SendUpdateEventToSelectedObject()
Rewired.Integration.UnityUI.RewiredStandaloneInputModule:Process()
UnityEngine.EventSystems.EventSystem:Update()
RoR2.UI.MPEventSystem:Update()

[Info   : Unity Log] $$$
[Info   : Unity Log] GenericPickupController.HandlePickupMessage: Received pickup message.
[Info   : Unity Log] <style=cEvent>You picked up <color=#FF8000>Gigantic Amethyst</color></color>
[Info   : Unity Log] Gave 1 SecondarySkillMagazine to blazingdrummer
[Info   : Unity Log] Saved file "c0910e0f-b1a7-48d9-ac14-82f02f0114f0.xml" (131833 bytes)
[Info   : Unity Log] Shutting down Steamworks...
[Info   : Unity Log] Shut down Steamworks.
[Info   : Unity Log] AutoSprint: Disabling sprinting crosshair:
